<?xml version="1.0" encoding="UTF-8"?>
<!-- Generated by org.testng.reporters.JUnitReportReporter -->
<testsuite hostname="Rajeevs_Monster" failures="0" tests="1" name="learning.S6_45_Create_New_Opportunity_Campaign" time="30.710" errors="0" timestamp="2024-10-19T18:09:57 SGT" skipped="0">
  <testcase classname="learning.S6_45_Create_New_Opportunity_Campaign" name="createCampaignOpp" time="30.710"/>
  <system-out/>
</testsuite> <!-- learning.S6_45_Create_New_Opportunity_Campaign -->
