<?xml version="1.0" encoding="UTF-8"?>
<!-- Generated by org.testng.reporters.JUnitReportReporter -->
<testsuite hostname="Rajeevs_Monster" failures="0" tests="1" name="learning.CreateOpportunity" time="17.790" errors="0" timestamp="2024-10-19T15:46:26 SGT" skipped="0">
  <testcase classname="learning.CreateOpportunity" name="createAccount" time="17.790"/>
  <system-out/>
</testsuite> <!-- learning.CreateOpportunity -->
