<?xml version="1.0" encoding="UTF-8"?>
<!-- Generated by org.testng.reporters.JUnitReportReporter -->
<testsuite hostname="Rajeevs_Monster" failures="0" tests="1" name="learning.DeleteContactAssociatedWithCampaign" time="20.974" errors="0" timestamp="2024-10-19T18:33:33 SGT" skipped="0">
  <testcase classname="learning.DeleteContactAssociatedWithCampaign" name="createAccount" time="20.974"/>
  <system-out/>
</testsuite> <!-- learning.DeleteContactAssociatedWithCampaign -->
