<?xml version="1.0" encoding="UTF-8"?>
<!-- Generated by org.testng.reporters.JUnitReportReporter -->
<testsuite hostname="Rajeevs_Monster" failures="0" tests="1" name="learning.CreateAccount" time="30.446" errors="0" timestamp="2024-10-06T20:17:36 SGT" skipped="0">
  <testcase classname="learning.CreateAccount" name="createAccount" time="30.446"/>
  <system-out/>
</testsuite> <!-- learning.CreateAccount -->
