<?xml version="1.0" encoding="UTF-8"?>
<!-- Generated by org.testng.reporters.JUnitReportReporter -->
<testsuite hostname="Rajeevs_Monster" failures="0" tests="1" name="learning.CreateContactForCampaign" time="21.408" errors="0" timestamp="2024-10-19T17:09:17 SGT" skipped="0">
  <testcase classname="learning.CreateContactForCampaign" name="createAccount" time="21.408"/>
  <system-out/>
</testsuite> <!-- learning.CreateContactForCampaign -->
