<?xml version="1.0" encoding="UTF-8"?>
<!-- Generated by org.testng.reporters.JUnitReportReporter -->
<testsuite hostname="Rajeevs_Monster" failures="0" tests="1" name="learning.DeleteDashboard" time="77.451" errors="0" timestamp="2024-10-12T19:51:48 SGT" skipped="0">
  <testcase classname="learning.DeleteDashboard" name="deleteDashboard" time="77.451"/>
  <system-out/>
</testsuite> <!-- learning.DeleteDashboard -->
