<?xml version="1.0" encoding="UTF-8"?>
<!-- Generated by org.testng.reporters.JUnitReportReporter -->
<testsuite hostname="Rajeevs_Monster" failures="0" tests="1" name="learning.EditLegalEntity" time="37.923" errors="0" timestamp="2024-10-13T20:07:07 SGT" skipped="0">
  <testcase classname="learning.EditLegalEntity" name="b" time="37.923"/>
  <system-out/>
</testsuite> <!-- learning.EditLegalEntity -->
