<?xml version="1.0" encoding="UTF-8"?>
<!-- Generated by org.testng.reporters.JUnitReportReporter -->
<testsuite hostname="Rajeevs_Monster" failures="0" tests="1" name="learning.OpportunitiesSortOrderByCloseDate" time="26.276" errors="0" timestamp="2024-10-12T18:59:48 SGT" skipped="0">
  <testcase classname="learning.OpportunitiesSortOrderByCloseDate" name="createAccount" time="26.276"/>
  <system-out/>
</testsuite> <!-- learning.OpportunitiesSortOrderByCloseDate -->
